#
# There is insufficient memory for the Java Runtime Environment to continue.
# Native memory allocation (mmap) failed to map 8388608 bytes for Failed to commit area from 0x0000000087800000 to 0x0000000088000000 of length 8388608.
# Possible reasons:
#   The system is out of physical RAM or swap space
#   The process is running with CompressedOops enabled, and the Java Heap may be blocking the growth of the native heap
# Possible solutions:
#   Reduce memory load on the system
#   Increase physical memory or swap space
#   Check if swap backing store is full
#   Decrease Java heap size (-Xmx/-Xms)
#   Decrease number of Java threads
#   Decrease Java thread stack sizes (-Xss)
#   Set larger code cache with -XX:ReservedCodeCacheSize=
#   JVM is running with Unscaled Compressed Oops mode in which the Java heap is
#     placed in the first 4GB address space. The Java Heap base address is the
#     maximum limit for the native heap growth. Please use -XX:HeapBaseMinAddress
#     to set the Java Heap base and to place the Java Heap above 4GB virtual address.
# This output file may be truncated or incomplete.
#
#  Out of Memory Error (./src/hotspot/os/windows/os_windows.cpp:3318), pid=3996, tid=15300
#
# JRE version: OpenJDK Runtime Environment Zulu13.44+13-CA (13.0.9+3) (build 13.0.9+3-MTS)
# Java VM: OpenJDK 64-Bit Server VM Zulu13.44+13-CA (13.0.9+3-MTS, mixed mode, sharing, tiered, compressed oops, g1 gc, windows-amd64)
# No core dump will be written. Minidumps are not enabled by default on client versions of Windows
#

---------------  S U M M A R Y ------------

Command Line: -agentlib:jdwp=transport=dt_socket,address=127.0.0.1:60698,suspend=y,server=n -XX:TieredStopAtLevel=1 -Xverify:none -Dspring.output.ansi.enabled=always -javaagent:C:\Users\cuong\AppData\Local\JetBrains\IntelliJIdea2021.2\captureAgent\debugger-agent.jar=file:/C:/Users/cuong/AppData/Local/Temp/capture.props -Dcom.sun.management.jmxremote -Dspring.jmx.enabled=true -Dspring.liveBeansView.mbeanDomain -Dspring.application.admin.enabled=true -Dfile.encoding=UTF-8 vn.clmart.manager_service.ManagerServiceApplication

Host: Intel(R) Core(TM) i5-9300H CPU @ 2.40GHz, 8 cores, 7G,  Windows 10 , 64 bit Build 19041 (10.0.19041.1466)
Time: Thu Oct 13 16:09:45 2022 SE Asia Standard Time elapsed time: 8.927408 seconds (0d 0h 0m 8s)

---------------  T H R E A D  ---------------

Current thread (0x00000193951a0000):  VMThread "VM Thread" [stack: 0x00000054e1600000,0x00000054e1700000] [id=15300]

Stack: [0x00000054e1600000,0x00000054e1700000]
[error occurred during error reporting (printing stack bounds), id 0xc0000005, EXCEPTION_ACCESS_VIOLATION (0xc0000005) at pc=0x00000193800010ad]

Native frames: (J=compiled Java code, j=interpreted, Vv=VM code, C=native code)
V  [jvm.dll+0x633c2a]
V  [jvm.dll+0x7df1ea]
V  [jvm.dll+0x7e099f]
V  [jvm.dll+0x7e0f45]
V  [jvm.dll+0x7e0efb]
V  [jvm.dll+0x6330ff]
V  [jvm.dll+0x6338c8]
C  [ntdll.dll+0xa20cf]
C  [ntdll.dll+0x51454]
C  [ntdll.dll+0xa0bfe]
C  0x00000193800010ad

VM_Operation (0x00000054e28f90b0): G1CollectForAllocation, mode: safepoint, requested by thread 0x0000019396c26800


---------------  P R O C E S S  ---------------

Threads class SMR info:
_java_thread_list=0x000001939917fe20, length=18, elements={
0x00000193f4101000, 0x00000193951a3800, 0x00000193951a5800, 0x00000193951c0800,
0x00000193951c1800, 0x00000193951c3000, 0x00000193951c4000, 0x00000193951c5000,
0x000001939518b800, 0x0000019395bf9000, 0x0000019395c18800, 0x0000019395c1b000,
0x0000019396383000, 0x000001939647d000, 0x0000019396c26800, 0x0000019399193000,
0x000001939919c800, 0x000001939935c800
}

Java Threads: ( => current thread )
  0x00000193f4101000 JavaThread "main" [_thread_blocked, id=10924, stack(0x00000054e1000000,0x00000054e1100000)]
  0x00000193951a3800 JavaThread "Reference Handler" daemon [_thread_blocked, id=6744, stack(0x00000054e1700000,0x00000054e1800000)]
  0x00000193951a5800 JavaThread "Finalizer" daemon [_thread_blocked, id=13664, stack(0x00000054e1800000,0x00000054e1900000)]
  0x00000193951c0800 JavaThread "Signal Dispatcher" daemon [_thread_blocked, id=9712, stack(0x00000054e1900000,0x00000054e1a00000)]
  0x00000193951c1800 JavaThread "Attach Listener" daemon [_thread_blocked, id=15336, stack(0x00000054e1a00000,0x00000054e1b00000)]
  0x00000193951c3000 JavaThread "Service Thread" daemon [_thread_blocked, id=8820, stack(0x00000054e1b00000,0x00000054e1c00000)]
  0x00000193951c4000 JavaThread "C1 CompilerThread0" daemon [_thread_blocked, id=8552, stack(0x00000054e1c00000,0x00000054e1d00000)]
  0x00000193951c5000 JavaThread "Sweeper thread" daemon [_thread_blocked, id=7540, stack(0x00000054e1d00000,0x00000054e1e00000)]
  0x000001939518b800 JavaThread "Common-Cleaner" daemon [_thread_blocked, id=14656, stack(0x00000054e1e00000,0x00000054e1f00000)]
  0x0000019395bf9000 JavaThread "JDWP Transport Listener: dt_socket" daemon [_thread_blocked, id=8404, stack(0x00000054e1f00000,0x00000054e2000000)]
  0x0000019395c18800 JavaThread "JDWP Event Helper Thread" daemon [_thread_blocked, id=13184, stack(0x00000054e2000000,0x00000054e2100000)]
  0x0000019395c1b000 JavaThread "JDWP Command Reader" daemon [_thread_in_native, id=8736, stack(0x00000054e2100000,0x00000054e2200000)]
  0x0000019396383000 JavaThread "RMI TCP Accept-0" daemon [_thread_in_native, id=12656, stack(0x00000054e2200000,0x00000054e2300000)]
  0x000001939647d000 JavaThread "Thread-0" [_thread_blocked, id=14228, stack(0x00000054e2700000,0x00000054e2800000)]
  0x0000019396c26800 JavaThread "restartedMain" [_thread_blocked, id=3948, stack(0x00000054e2800000,0x00000054e2900000)]
  0x0000019399193000 JavaThread "mysql-cj-abandoned-connection-cleanup" daemon [_thread_blocked, id=416, stack(0x00000054e2f00000,0x00000054e3000000)]
  0x000001939919c800 JavaThread "HikariPool-1 housekeeper" daemon [_thread_blocked, id=15240, stack(0x00000054e3100000,0x00000054e3200000)]
  0x000001939935c800 JavaThread "HikariPool-1 connection adder" daemon [_thread_blocked, id=10600, stack(0x00000054e3200000,0x00000054e3300000)]

Other Threads:
=>0x00000193951a0000 VMThread "VM Thread" [stack: 0x00000054e1600000,0x00000054e1700000] [id=15300]
  0x0000019396368000 WatcherThread [stack: 0x00000054e2300000,0x00000054e2400000] [id=14672]
  0x00000193f4146000 GCTaskThread "GC Thread#0" [stack: 0x00000054e1100000,0x00000054e1200000] [id=11628]
  0x000001939646c000 GCTaskThread "GC Thread#1" [stack: 0x00000054e2400000,0x00000054e2500000] [id=1112]
  0x000001939646d000 GCTaskThread "GC Thread#2" [stack: 0x00000054e2500000,0x00000054e2600000] [id=10576]
  0x0000019396c46800 GCTaskThread "GC Thread#3" [stack: 0x00000054e2900000,0x00000054e2a00000] [id=10376]
  0x0000019396c47000 GCTaskThread "GC Thread#4" [stack: 0x00000054e2a00000,0x00000054e2b00000] [id=2924]
  0x0000019396c47800 GCTaskThread "GC Thread#5" [stack: 0x00000054e2b00000,0x00000054e2c00000] [id=15228]
  0x0000019396e7c800 GCTaskThread "GC Thread#6" [stack: 0x00000054e2d00000,0x00000054e2e00000] [id=14848]
  0x0000019396e47000 GCTaskThread "GC Thread#7" [stack: 0x00000054e2e00000,0x00000054e2f00000] [id=6720]
  0x00000193f4157800 ConcurrentGCThread "G1 Main Marker" [stack: 0x00000054e1200000,0x00000054e1300000] [id=14376]
  0x00000193f415a800 ConcurrentGCThread "G1 Conc#0" [stack: 0x00000054e1300000,0x00000054e1400000] [id=13424]
  0x000001939769a000 ConcurrentGCThread "G1 Conc#1" [stack: 0x00000054e2c00000,0x00000054e2d00000] [id=6412]
  0x000001939501c800 ConcurrentGCThread "G1 Refine#0" [stack: 0x00000054e1400000,0x00000054e1500000] [id=14740]
  0x0000019396483800 ConcurrentGCThread "G1 Refine#1" [stack: 0x00000054e2600000,0x00000054e2700000] [id=7124]
  0x00000193f41cd800 ConcurrentGCThread "G1 Young RemSet Sampling" [stack: 0x00000054e1500000,0x00000054e1600000] [id=15188]

Threads with active compile tasks:

VM state:at safepoint (normal execution)

VM Mutex/Monitor currently owned by a thread:  ([mutex/lock_event])
[0x00000193f40fccb0] Threads_lock - owner thread: 0x00000193951a0000
[0x00000193f40fd6d0] Heap_lock - owner thread: 0x0000019396c26800

Heap address: 0x0000000082600000, size: 2010 MB, Compressed Oops mode: 32-bit
Narrow klass base: 0x0000000800000000, Narrow klass shift: 3
Compressed class space size: 1073741824 Address: 0x0000000800b10000

Heap:
 garbage-first heap   total 99328K, used 32872K [0x0000000082600000, 0x0000000100000000)
  region size 1024K, 4 young (4096K), 4 survivors (4096K)
 Metaspace       used 47141K, capacity 48623K, committed 48640K, reserved 1091584K
  class space    used 6346K, capacity 6909K, committed 6912K, reserved 1048576K
Heap Regions: E=young(eden), S=young(survivor), O=old, HS=humongous(starts), HC=humongous(continues), CS=collection set, F=free, A=archive, TAMS=top-at-mark-start (previous, next)
|   0|0x0000000082600000, 0x0000000082700000, 0x0000000082700000|100%|HS|  |TAMS 0x0000000082700000, 0x0000000082600000| Complete 
|   1|0x0000000082700000, 0x0000000082800000, 0x0000000082800000|100%|HS|  |TAMS 0x0000000082800000, 0x0000000082700000| Complete 
|   2|0x0000000082800000, 0x0000000082900000, 0x0000000082900000|100%|HS|  |TAMS 0x0000000082900000, 0x0000000082800000| Complete 
|   3|0x0000000082900000, 0x0000000082a00000, 0x0000000082a00000|100%|HC|  |TAMS 0x0000000082a00000, 0x0000000082900000| Complete 
|   4|0x0000000082a00000, 0x0000000082b00000, 0x0000000082b00000|100%|HC|  |TAMS 0x0000000082b00000, 0x0000000082a00000| Complete 
|   5|0x0000000082b00000, 0x0000000082c00000, 0x0000000082c00000|100%| O|  |TAMS 0x0000000082c00000, 0x0000000082b00000| Untracked 
|   6|0x0000000082c00000, 0x0000000082d00000, 0x0000000082d00000|100%| O|  |TAMS 0x0000000082d00000, 0x0000000082c00000| Untracked 
|   7|0x0000000082d00000, 0x0000000082e00000, 0x0000000082e00000|100%| O|  |TAMS 0x0000000082e00000, 0x0000000082d00000| Untracked 
|   8|0x0000000082e00000, 0x0000000082f00000, 0x0000000082f00000|100%| O|  |TAMS 0x0000000082f00000, 0x0000000082e00000| Untracked 
|   9|0x0000000082f00000, 0x0000000083000000, 0x0000000083000000|100%| O|  |TAMS 0x0000000083000000, 0x0000000082f00000| Untracked 
|  10|0x0000000083000000, 0x0000000083100000, 0x0000000083100000|100%| O|  |TAMS 0x0000000083100000, 0x0000000083000000| Untracked 
|  11|0x0000000083100000, 0x0000000083200000, 0x0000000083200000|100%| O|  |TAMS 0x0000000083200000, 0x0000000083100000| Untracked 
|  12|0x0000000083200000, 0x0000000083300000, 0x0000000083300000|100%| O|  |TAMS 0x0000000083300000, 0x0000000083200000| Untracked 
|  13|0x0000000083300000, 0x0000000083400000, 0x0000000083400000|100%| O|  |TAMS 0x0000000083400000, 0x0000000083300000| Untracked 
|  14|0x0000000083400000, 0x000000008343d200, 0x0000000083500000| 23%| O|  |TAMS 0x000000008343d200, 0x0000000083400000| Untracked 
|  15|0x0000000083500000, 0x0000000083600000, 0x0000000083600000|100%| O|  |TAMS 0x0000000083600000, 0x0000000083500000| Untracked 
|  16|0x0000000083600000, 0x0000000083700000, 0x0000000083700000|100%| O|  |TAMS 0x0000000083700000, 0x0000000083600000| Untracked 
|  17|0x0000000083700000, 0x0000000083800000, 0x0000000083800000|100%| O|  |TAMS 0x0000000083800000, 0x0000000083700000| Untracked 
|  18|0x0000000083800000, 0x0000000083900000, 0x0000000083900000|100%| O|  |TAMS 0x0000000083900000, 0x0000000083800000| Untracked 
|  19|0x0000000083900000, 0x0000000083a00000, 0x0000000083a00000|100%| O|  |TAMS 0x0000000083a00000, 0x0000000083900000| Untracked 
|  20|0x0000000083a00000, 0x0000000083b00000, 0x0000000083b00000|100%| O|  |TAMS 0x0000000083b00000, 0x0000000083a00000| Untracked 
|  21|0x0000000083b00000, 0x0000000083c00000, 0x0000000083c00000|100%| O|  |TAMS 0x0000000083c00000, 0x0000000083b00000| Untracked 
|  22|0x0000000083c00000, 0x0000000083d00000, 0x0000000083d00000|100%| O|  |TAMS 0x0000000083d00000, 0x0000000083c00000| Untracked 
|  23|0x0000000083d00000, 0x0000000083e00000, 0x0000000083e00000|100%| O|  |TAMS 0x0000000083d1e400, 0x0000000083d00000| Untracked 
|  24|0x0000000083e00000, 0x0000000083f00000, 0x0000000083f00000|100%| O|  |TAMS 0x0000000083e00000, 0x0000000083e00000| Untracked 
|  25|0x0000000083f00000, 0x0000000084000000, 0x0000000084000000|100%| O|  |TAMS 0x0000000083f00000, 0x0000000083f00000| Untracked 
|  26|0x0000000084000000, 0x0000000084100000, 0x0000000084100000|100%| O|  |TAMS 0x0000000084000000, 0x0000000084000000| Untracked 
|  27|0x0000000084100000, 0x0000000084200000, 0x0000000084200000|100%| O|  |TAMS 0x0000000084100000, 0x0000000084100000| Untracked 
|  28|0x0000000084200000, 0x0000000084300000, 0x0000000084300000|100%| O|  |TAMS 0x0000000084200000, 0x0000000084200000| Untracked 
|  29|0x0000000084300000, 0x0000000084364a00, 0x0000000084400000| 39%| O|  |TAMS 0x0000000084300000, 0x0000000084300000| Untracked 
|  30|0x0000000084400000, 0x0000000084400000, 0x0000000084500000|  0%| F|  |TAMS 0x0000000084400000, 0x0000000084400000| Untracked 
|  31|0x0000000084500000, 0x0000000084500000, 0x0000000084600000|  0%| F|  |TAMS 0x0000000084500000, 0x0000000084500000| Untracked 
|  32|0x0000000084600000, 0x0000000084600000, 0x0000000084700000|  0%| F|  |TAMS 0x0000000084600000, 0x0000000084600000| Untracked 
|  33|0x0000000084700000, 0x0000000084700000, 0x0000000084800000|  0%| F|  |TAMS 0x0000000084700000, 0x0000000084700000| Untracked 
|  34|0x0000000084800000, 0x0000000084800000, 0x0000000084900000|  0%| F|  |TAMS 0x0000000084800000, 0x0000000084800000| Untracked 
|  35|0x0000000084900000, 0x0000000084900000, 0x0000000084a00000|  0%| F|  |TAMS 0x0000000084900000, 0x0000000084900000| Untracked 
|  36|0x0000000084a00000, 0x0000000084a00000, 0x0000000084b00000|  0%| F|  |TAMS 0x0000000084a00000, 0x0000000084a00000| Untracked 
|  37|0x0000000084b00000, 0x0000000084b00000, 0x0000000084c00000|  0%| F|  |TAMS 0x0000000084b00000, 0x0000000084b00000| Untracked 
|  38|0x0000000084c00000, 0x0000000084c00000, 0x0000000084d00000|  0%| F|  |TAMS 0x0000000084c00000, 0x0000000084c00000| Untracked 
|  39|0x0000000084d00000, 0x0000000084d00000, 0x0000000084e00000|  0%| F|  |TAMS 0x0000000084d00000, 0x0000000084d00000| Untracked 
|  40|0x0000000084e00000, 0x0000000084e00000, 0x0000000084f00000|  0%| F|  |TAMS 0x0000000084e00000, 0x0000000084e00000| Untracked 
|  41|0x0000000084f00000, 0x0000000084f00000, 0x0000000085000000|  0%| F|  |TAMS 0x0000000084f00000, 0x0000000084f00000| Untracked 
|  42|0x0000000085000000, 0x0000000085000000, 0x0000000085100000|  0%| F|  |TAMS 0x0000000085000000, 0x0000000085000000| Untracked 
|  43|0x0000000085100000, 0x0000000085100000, 0x0000000085200000|  0%| F|  |TAMS 0x0000000085100000, 0x0000000085100000| Untracked 
|  44|0x0000000085200000, 0x0000000085200000, 0x0000000085300000|  0%| F|  |TAMS 0x0000000085200000, 0x0000000085200000| Untracked 
|  45|0x0000000085300000, 0x0000000085300000, 0x0000000085400000|  0%| F|  |TAMS 0x0000000085300000, 0x0000000085300000| Untracked 
|  46|0x0000000085400000, 0x0000000085400000, 0x0000000085500000|  0%| F|  |TAMS 0x0000000085400000, 0x0000000085400000| Untracked 
|  47|0x0000000085500000, 0x0000000085500000, 0x0000000085600000|  0%| F|  |TAMS 0x0000000085500000, 0x0000000085500000| Untracked 
|  48|0x0000000085600000, 0x00000000856785f0, 0x0000000085700000| 47%| S|CS|TAMS 0x0000000085600000, 0x0000000085600000| Complete 
|  49|0x0000000085700000, 0x0000000085700000, 0x0000000085800000|  0%| F|  |TAMS 0x0000000085700000, 0x0000000085700000| Untracked 
|  50|0x0000000085800000, 0x0000000085800000, 0x0000000085900000|  0%| F|  |TAMS 0x0000000085800000, 0x0000000085800000| Untracked 
|  51|0x0000000085900000, 0x0000000085a00000, 0x0000000085a00000|100%| S|CS|TAMS 0x0000000085900000, 0x0000000085900000| Complete 
|  52|0x0000000085a00000, 0x0000000085b00000, 0x0000000085b00000|100%| S|CS|TAMS 0x0000000085a00000, 0x0000000085a00000| Complete 
|  53|0x0000000085b00000, 0x0000000085c00000, 0x0000000085c00000|100%| S|CS|TAMS 0x0000000085b00000, 0x0000000085b00000| Complete 
|  54|0x0000000085c00000, 0x0000000085c00000, 0x0000000085d00000|  0%| F|  |TAMS 0x0000000085c00000, 0x0000000085c00000| Untracked 
|  55|0x0000000085d00000, 0x0000000085d00000, 0x0000000085e00000|  0%| F|  |TAMS 0x0000000085d00000, 0x0000000085d00000| Untracked 
|  56|0x0000000085e00000, 0x0000000085e00000, 0x0000000085f00000|  0%| F|  |TAMS 0x0000000085e00000, 0x0000000085e00000| Untracked 
|  57|0x0000000085f00000, 0x0000000085f00000, 0x0000000086000000|  0%| F|  |TAMS 0x0000000085f00000, 0x0000000085f00000| Untracked 
|  58|0x0000000086000000, 0x0000000086000000, 0x0000000086100000|  0%| F|  |TAMS 0x0000000086000000, 0x0000000086000000| Untracked 
|  59|0x0000000086100000, 0x0000000086100000, 0x0000000086200000|  0%| F|  |TAMS 0x0000000086100000, 0x0000000086100000| Untracked 
|  60|0x0000000086200000, 0x0000000086200000, 0x0000000086300000|  0%| F|  |TAMS 0x0000000086200000, 0x0000000086200000| Untracked 
|  61|0x0000000086300000, 0x0000000086300000, 0x0000000086400000|  0%| F|  |TAMS 0x0000000086300000, 0x0000000086300000| Untracked 
|  62|0x0000000086400000, 0x0000000086400000, 0x0000000086500000|  0%| F|  |TAMS 0x0000000086400000, 0x0000000086400000| Untracked 
|  63|0x0000000086500000, 0x0000000086500000, 0x0000000086600000|  0%| F|  |TAMS 0x0000000086500000, 0x0000000086500000| Untracked 
|  64|0x0000000086600000, 0x0000000086600000, 0x0000000086700000|  0%| F|  |TAMS 0x0000000086600000, 0x0000000086600000| Untracked 
|  65|0x0000000086700000, 0x0000000086700000, 0x0000000086800000|  0%| F|  |TAMS 0x0000000086700000, 0x0000000086700000| Untracked 
|  66|0x0000000086800000, 0x0000000086800000, 0x0000000086900000|  0%| F|  |TAMS 0x0000000086800000, 0x0000000086800000| Untracked 
|  67|0x0000000086900000, 0x0000000086900000, 0x0000000086a00000|  0%| F|  |TAMS 0x0000000086900000, 0x0000000086900000| Untracked 
|  68|0x0000000086a00000, 0x0000000086a00000, 0x0000000086b00000|  0%| F|  |TAMS 0x0000000086a00000, 0x0000000086a00000| Untracked 
|  69|0x0000000086b00000, 0x0000000086b00000, 0x0000000086c00000|  0%| F|  |TAMS 0x0000000086b00000, 0x0000000086b00000| Untracked 
|  70|0x0000000086c00000, 0x0000000086c00000, 0x0000000086d00000|  0%| F|  |TAMS 0x0000000086c00000, 0x0000000086c00000| Untracked 
|  71|0x0000000086d00000, 0x0000000086d00000, 0x0000000086e00000|  0%| F|  |TAMS 0x0000000086d00000, 0x0000000086d00000| Untracked 
|  72|0x0000000086e00000, 0x0000000086e00000, 0x0000000086f00000|  0%| F|  |TAMS 0x0000000086e00000, 0x0000000086e00000| Untracked 
|  73|0x0000000086f00000, 0x0000000086f00000, 0x0000000087000000|  0%| F|  |TAMS 0x0000000086f00000, 0x0000000086f00000| Untracked 
|  74|0x0000000087000000, 0x0000000087000000, 0x0000000087100000|  0%| F|  |TAMS 0x0000000087000000, 0x0000000087000000| Untracked 
|  75|0x0000000087100000, 0x0000000087100000, 0x0000000087200000|  0%| F|  |TAMS 0x0000000087100000, 0x0000000087100000| Untracked 
|  76|0x0000000087200000, 0x0000000087200000, 0x0000000087300000|  0%| F|  |TAMS 0x0000000087200000, 0x0000000087200000| Untracked 
|  77|0x0000000087300000, 0x0000000087300000, 0x0000000087400000|  0%| F|  |TAMS 0x0000000087300000, 0x0000000087300000| Untracked 
|  78|0x0000000087400000, 0x0000000087400000, 0x0000000087500000|  0%| F|  |TAMS 0x0000000087400000, 0x0000000087400000| Untracked 
|  79|0x0000000087500000, 0x0000000087500000, 0x0000000087600000|  0%| F|  |TAMS 0x0000000087500000, 0x0000000087500000| Untracked 
|  80|0x0000000087600000, 0x0000000087600000, 0x0000000087700000|  0%| F|  |TAMS 0x0000000087600000, 0x0000000087600000| Untracked 
|  81|0x0000000087700000, 0x0000000087700000, 0x0000000087800000|  0%| F|  |TAMS 0x0000000087700000, 0x0000000087700000| Untracked 
|  90|0x0000000088000000, 0x0000000088000000, 0x0000000088100000|  0%| F|  |TAMS 0x0000000088000000, 0x0000000088000000| Untracked 
|  91|0x0000000088100000, 0x0000000088100000, 0x0000000088200000|  0%| F|  |TAMS 0x0000000088100000, 0x0000000088100000| Untracked 
|  92|0x0000000088200000, 0x0000000088200000, 0x0000000088300000|  0%| F|  |TAMS 0x0000000088200000, 0x0000000088200000| Untracked 
|  93|0x0000000088300000, 0x0000000088300000, 0x0000000088400000|  0%| F|  |TAMS 0x0000000088300000, 0x0000000088300000| Untracked 
|  94|0x0000000088400000, 0x0000000088400000, 0x0000000088500000|  0%| F|  |TAMS 0x0000000088400000, 0x0000000088400000| Untracked 
|  95|0x0000000088500000, 0x0000000088500000, 0x0000000088600000|  0%| F|  |TAMS 0x0000000088500000, 0x0000000088500000| Untracked 
| 125|0x000000008a300000, 0x000000008a300000, 0x000000008a400000|  0%| F|  |TAMS 0x000000008a300000, 0x000000008a300000| Untracked 

Card table byte_map: [0x00000193fef70000,0x00000193ff360000] _byte_map_base: 0x00000193feb5d000

Marking Bits (Prev, Next): (CMBitMap*) 0x00000193f4147188, (CMBitMap*) 0x00000193f41471c8
 Prev Bits: [0x000001938f000000, 0x0000019390f68000)
 Next Bits: [0x0000019390f70000, 0x0000019392ed8000)

Polling page: 0x00000193f41d0000

Metaspace:

Usage:
  Non-class:     40.74 MB capacity,    39.84 MB ( 98%) used,   750.81 KB (  2%) free+waste,   168.31 KB ( <1%) overhead. 
      Class:      6.75 MB capacity,     6.20 MB ( 92%) used,   478.88 KB (  7%) free+waste,    83.25 KB (  1%) overhead. 
       Both:     47.48 MB capacity,    46.04 MB ( 97%) used,     1.20 MB (  3%) free+waste,   251.56 KB ( <1%) overhead. 

Virtual space:
  Non-class space:       42.00 MB reserved,      40.75 MB ( 97%) committed 
      Class space:        1.00 GB reserved,       6.75 MB ( <1%) committed 
             Both:        1.04 GB reserved,      47.50 MB (  4%) committed 

Chunk freelists:
   Non-Class:  14.00 KB
       Class:  3.00 KB
        Both:  17.00 KB

MaxMetaspaceSize: 17179869184.00 GB
CompressedClassSpaceSize: 1.00 GB

CodeHeap 'non-profiled nmethods': size=238336Kb used=9738Kb max_used=9738Kb free=228597Kb
 bounds [0x0000019380740000, 0x00000193810d0000, 0x000001938f000000]
CodeHeap 'non-nmethods': size=7424Kb used=1362Kb max_used=1362Kb free=6061Kb
 bounds [0x0000019380000000, 0x0000019380270000, 0x0000019380740000]
 total_blobs=6421 nmethods=5867 adapters=488
 compilation: enabled
              stopped_count=0, restarted_count=0
 full_count=0

Compilation events (20 events):
Event: 8.883 Thread 0x00000193951c4000 5882       1       org.springframework.boot.logging.logback.ColorConverter::transform (60 bytes)
Event: 8.883 Thread 0x00000193951c4000 nmethod 5882 0x00000193810bde90 code [0x00000193810be0a0, 0x00000193810be6b8]
Event: 8.883 Thread 0x00000193951c4000 5883       1       org.springframework.boot.logging.logback.ColorConverter::toAnsiString (16 bytes)
Event: 8.884 Thread 0x00000193951c4000 nmethod 5883 0x00000193810bea10 code [0x00000193810bec00, 0x00000193810bf068]
Event: 8.899 Thread 0x00000193951c4000 5884       1       org.springframework.util.ReflectionUtils::getAllDeclaredMethods (38 bytes)
Event: 8.899 Thread 0x00000193951c4000 nmethod 5884 0x00000193810bf210 code [0x00000193810bf3e0, 0x00000193810bf6a8]
Event: 8.899 Thread 0x00000193951c4000 5885       1       org.springframework.util.ReflectionUtils$$Lambda$593/0x0000000800e83c40::get$Lambda (9 bytes)
Event: 8.899 Thread 0x00000193951c4000 nmethod 5885 0x00000193810bf890 code [0x00000193810bfa20, 0x00000193810bfb78]
Event: 8.899 Thread 0x00000193951c4000 5886       1       org.springframework.util.ReflectionUtils$$Lambda$593/0x0000000800e83c40::<init> (10 bytes)
Event: 8.900 Thread 0x00000193951c4000 nmethod 5886 0x00000193810bfc10 code [0x00000193810bfda0, 0x00000193810bfeb8]
Event: 8.900 Thread 0x00000193951c4000 5887       1       org.springframework.util.ReflectionUtils::doWithMethods (7 bytes)
Event: 8.900 Thread 0x00000193951c4000 nmethod 5887 0x00000193810bff10 code [0x00000193810c00a0, 0x00000193810c0168]
Event: 8.901 Thread 0x00000193951c4000 5888       1       org.springframework.util.ReflectionUtils::findConcreteMethodsOnInterfaces (100 bytes)
Event: 8.901 Thread 0x00000193951c4000 nmethod 5888 0x00000193810c0210 code [0x00000193810c0400, 0x00000193810c07d8]
Event: 8.903 Thread 0x00000193951c4000 5889       1       org.springframework.core.MethodClassKey::equals (55 bytes)
Event: 8.904 Thread 0x00000193951c4000 nmethod 5889 0x00000193810c0b90 code [0x00000193810c0d40, 0x00000193810c0f78]
Event: 8.919 Thread 0x00000193951c4000 5890       1       java.util.LinkedList$ListItr::checkForComodification (23 bytes)
Event: 8.919 Thread 0x00000193951c4000 nmethod 5890 0x00000193810c1090 code [0x00000193810c1240, 0x00000193810c13a8]
Event: 8.919 Thread 0x00000193951c4000 5891       1       java.lang.reflect.ProxyGenerator$ProxyMethod::codeWrapArgument (172 bytes)
Event: 8.920 Thread 0x00000193951c4000 nmethod 5891 0x00000193810c1490 code [0x00000193810c1760, 0x00000193810c2158]

GC Heap History (20 events):
Event: 6.979 GC heap after
{Heap after GC invocations=11 (full 0):
 garbage-first heap   total 75776K, used 25231K [0x0000000082600000, 0x0000000100000000)
  region size 1024K, 4 young (4096K), 4 survivors (4096K)
 Metaspace       used 29036K, capacity 30222K, committed 30464K, reserved 1075200K
  class space    used 3825K, capacity 4282K, committed 4352K, reserved 1048576K
}
Event: 6.986 GC heap before
{Heap before GC invocations=11 (full 0):
 garbage-first heap   total 75776K, used 57999K [0x0000000082600000, 0x0000000100000000)
  region size 1024K, 37 young (37888K), 4 survivors (4096K)
 Metaspace       used 29036K, capacity 30222K, committed 30464K, reserved 1075200K
  class space    used 3825K, capacity 4282K, committed 4352K, reserved 1048576K
}
Event: 6.990 GC heap after
{Heap after GC invocations=12 (full 0):
 garbage-first heap   total 75776K, used 25439K [0x0000000082600000, 0x0000000100000000)
  region size 1024K, 3 young (3072K), 3 survivors (3072K)
 Metaspace       used 29036K, capacity 30222K, committed 30464K, reserved 1075200K
  class space    used 3825K, capacity 4282K, committed 4352K, reserved 1048576K
}
Event: 7.042 GC heap before
{Heap before GC invocations=12 (full 0):
 garbage-first heap   total 75776K, used 58207K [0x0000000082600000, 0x0000000100000000)
  region size 1024K, 36 young (36864K), 3 survivors (3072K)
 Metaspace       used 29479K, capacity 30723K, committed 30976K, reserved 1075200K
  class space    used 3863K, capacity 4321K, committed 4352K, reserved 1048576K
}
Event: 7.045 GC heap after
{Heap after GC invocations=13 (full 0):
 garbage-first heap   total 75776K, used 25542K [0x0000000082600000, 0x0000000100000000)
  region size 1024K, 3 young (3072K), 3 survivors (3072K)
 Metaspace       used 29479K, capacity 30723K, committed 30976K, reserved 1075200K
  class space    used 3863K, capacity 4321K, committed 4352K, reserved 1048576K
}
Event: 7.109 GC heap before
{Heap before GC invocations=13 (full 0):
 garbage-first heap   total 75776K, used 58310K [0x0000000082600000, 0x0000000100000000)
  region size 1024K, 36 young (36864K), 3 survivors (3072K)
 Metaspace       used 29776K, capacity 31067K, committed 31360K, reserved 1077248K
  class space    used 3904K, capacity 4372K, committed 4480K, reserved 1048576K
}
Event: 7.112 GC heap after
{Heap after GC invocations=14 (full 0):
 garbage-first heap   total 75776K, used 25583K [0x0000000082600000, 0x0000000100000000)
  region size 1024K, 3 young (3072K), 3 survivors (3072K)
 Metaspace       used 29776K, capacity 31067K, committed 31360K, reserved 1077248K
  class space    used 3904K, capacity 4372K, committed 4480K, reserved 1048576K
}
Event: 7.413 GC heap before
{Heap before GC invocations=14 (full 0):
 garbage-first heap   total 75776K, used 60399K [0x0000000082600000, 0x0000000100000000)
  region size 1024K, 37 young (37888K), 3 survivors (3072K)
 Metaspace       used 33228K, capacity 34583K, committed 34816K, reserved 1079296K
  class space    used 4312K, capacity 4828K, committed 4864K, reserved 1048576K
}
Event: 7.417 GC heap after
{Heap after GC invocations=15 (full 0):
 garbage-first heap   total 75776K, used 28013K [0x0000000082600000, 0x0000000100000000)
  region size 1024K, 5 young (5120K), 5 survivors (5120K)
 Metaspace       used 33228K, capacity 34583K, committed 34816K, reserved 1079296K
  class space    used 4312K, capacity 4828K, committed 4864K, reserved 1048576K
}
Event: 7.500 GC heap before
{Heap before GC invocations=15 (full 0):
 garbage-first heap   total 75776K, used 37229K [0x0000000082600000, 0x0000000100000000)
  region size 1024K, 15 young (15360K), 5 survivors (5120K)
 Metaspace       used 34412K, capacity 35747K, committed 35840K, reserved 1081344K
  class space    used 4419K, capacity 4937K, committed 4992K, reserved 1048576K
}
Event: 7.506 GC heap after
{Heap after GC invocations=16 (full 0):
 garbage-first heap   total 75776K, used 29101K [0x0000000082600000, 0x0000000100000000)
  region size 1024K, 4 young (4096K), 4 survivors (4096K)
 Metaspace       used 34412K, capacity 35747K, committed 35840K, reserved 1081344K
  class space    used 4419K, capacity 4937K, committed 4992K, reserved 1048576K
}
Event: 7.715 GC heap before
{Heap before GC invocations=17 (full 0):
 garbage-first heap   total 75776K, used 51629K [0x0000000082600000, 0x0000000100000000)
  region size 1024K, 26 young (26624K), 4 survivors (4096K)
 Metaspace       used 37037K, capacity 38435K, committed 38784K, reserved 1083392K
  class space    used 4850K, capacity 5382K, committed 5504K, reserved 1048576K
}
Event: 7.718 GC heap after
{Heap after GC invocations=18 (full 0):
 garbage-first heap   total 91136K, used 29620K [0x0000000082600000, 0x0000000100000000)
  region size 1024K, 2 young (2048K), 2 survivors (2048K)
 Metaspace       used 37037K, capacity 38435K, committed 38784K, reserved 1083392K
  class space    used 4850K, capacity 5382K, committed 5504K, reserved 1048576K
}
Event: 8.005 GC heap before
{Heap before GC invocations=18 (full 0):
 garbage-first heap   total 91136K, used 60340K [0x0000000082600000, 0x0000000100000000)
  region size 1024K, 32 young (32768K), 2 survivors (2048K)
 Metaspace       used 40690K, capacity 42092K, committed 42368K, reserved 1085440K
  class space    used 5419K, capacity 5957K, committed 6016K, reserved 1048576K
}
Event: 8.009 GC heap after
{Heap after GC invocations=19 (full 0):
 garbage-first heap   total 91136K, used 30717K [0x0000000082600000, 0x0000000100000000)
  region size 1024K, 3 young (3072K), 3 survivors (3072K)
 Metaspace       used 40690K, capacity 42092K, committed 42368K, reserved 1085440K
  class space    used 5419K, capacity 5957K, committed 6016K, reserved 1048576K
}
Event: 8.292 GC heap before
{Heap before GC invocations=19 (full 0):
 garbage-first heap   total 91136K, used 62461K [0x0000000082600000, 0x0000000100000000)
  region size 1024K, 34 young (34816K), 3 survivors (3072K)
 Metaspace       used 44560K, capacity 46009K, committed 46080K, reserved 1089536K
  class space    used 6045K, capacity 6594K, committed 6656K, reserved 1048576K
}
Event: 8.298 GC heap after
{Heap after GC invocations=20 (full 0):
 garbage-first heap   total 91136K, used 31511K [0x0000000082600000, 0x0000000100000000)
  region size 1024K, 4 young (4096K), 4 survivors (4096K)
 Metaspace       used 44560K, capacity 46009K, committed 46080K, reserved 1089536K
  class space    used 6045K, capacity 6594K, committed 6656K, reserved 1048576K
}
Event: 8.513 GC heap before
{Heap before GC invocations=20 (full 0):
 garbage-first heap   total 91136K, used 64279K [0x0000000082600000, 0x0000000100000000)
  region size 1024K, 36 young (36864K), 4 survivors (4096K)
 Metaspace       used 44837K, capacity 46391K, committed 46592K, reserved 1089536K
  class space    used 6070K, capacity 6633K, committed 6656K, reserved 1048576K
}
Event: 8.517 GC heap after
{Heap after GC invocations=21 (full 0):
 garbage-first heap   total 91136K, used 31956K [0x0000000082600000, 0x0000000100000000)
  region size 1024K, 4 young (4096K), 4 survivors (4096K)
 Metaspace       used 44837K, capacity 46391K, committed 46592K, reserved 1089536K
  class space    used 6070K, capacity 6633K, committed 6656K, reserved 1048576K
}
Event: 8.920 GC heap before
{Heap before GC invocations=21 (full 0):
 garbage-first heap   total 91136K, used 65748K [0x0000000082600000, 0x0000000100000000)
  region size 1024K, 37 young (37888K), 4 survivors (4096K)
 Metaspace       used 47141K, capacity 48623K, committed 48640K, reserved 1091584K
  class space    used 6346K, capacity 6909K, committed 6912K, reserved 1048576K
}

Deoptimization events (20 events):
Event: 8.918 Thread 0x0000019396c26800 DEOPT PACKING pc=0x0000019380b24bd4 sp=0x00000054e28f8fd0
Event: 8.918 Thread 0x0000019396c26800 DEOPT UNPACKING pc=0x000001938004964e sp=0x00000054e28f8590 mode 1
Event: 8.918 Thread 0x0000019396c26800 DEOPT PACKING pc=0x0000019380b2715c sp=0x00000054e28f8dc0
Event: 8.918 Thread 0x0000019396c26800 DEOPT UNPACKING pc=0x000001938004964e sp=0x00000054e28f82e8 mode 1
Event: 8.918 Thread 0x0000019396c26800 DEOPT PACKING pc=0x0000019380b264bc sp=0x00000054e28f8ea0
Event: 8.918 Thread 0x0000019396c26800 DEOPT UNPACKING pc=0x000001938004964e sp=0x00000054e28f8418 mode 1
Event: 8.918 Thread 0x0000019396c26800 DEOPT PACKING pc=0x0000019380b24bd4 sp=0x00000054e28f8fd0
Event: 8.918 Thread 0x0000019396c26800 DEOPT UNPACKING pc=0x000001938004964e sp=0x00000054e28f8590 mode 1
Event: 8.918 Thread 0x0000019396c26800 DEOPT PACKING pc=0x0000019380b2715c sp=0x00000054e28f8dc0
Event: 8.919 Thread 0x0000019396c26800 DEOPT UNPACKING pc=0x000001938004964e sp=0x00000054e28f82e8 mode 1
Event: 8.919 Thread 0x0000019396c26800 DEOPT PACKING pc=0x0000019380b264bc sp=0x00000054e28f8ea0
Event: 8.919 Thread 0x0000019396c26800 DEOPT UNPACKING pc=0x000001938004964e sp=0x00000054e28f8418 mode 1
Event: 8.919 Thread 0x0000019396c26800 DEOPT PACKING pc=0x0000019380b24bd4 sp=0x00000054e28f8fd0
Event: 8.919 Thread 0x0000019396c26800 DEOPT UNPACKING pc=0x000001938004964e sp=0x00000054e28f8590 mode 1
Event: 8.919 Thread 0x0000019396c26800 DEOPT PACKING pc=0x0000019380b2715c sp=0x00000054e28f8dc0
Event: 8.919 Thread 0x0000019396c26800 DEOPT UNPACKING pc=0x000001938004964e sp=0x00000054e28f82e8 mode 1
Event: 8.919 Thread 0x0000019396c26800 DEOPT PACKING pc=0x0000019380b264bc sp=0x00000054e28f8ea0
Event: 8.919 Thread 0x0000019396c26800 DEOPT UNPACKING pc=0x000001938004964e sp=0x00000054e28f8418 mode 1
Event: 8.919 Thread 0x0000019396c26800 DEOPT PACKING pc=0x0000019380b24bd4 sp=0x00000054e28f8fd0
Event: 8.919 Thread 0x0000019396c26800 DEOPT UNPACKING pc=0x000001938004964e sp=0x00000054e28f8590 mode 1

Classes unloaded (0 events):
No events

Classes redefined (0 events):
No events

Internal exceptions (20 events):
Event: 7.373 Thread 0x0000019396c26800 Exception <a 'java/lang/ClassNotFoundException'{0x00000000853fea30}: org/springframework/beans/factory/BeanFactoryAwareCustomizer> (0x00000000853fea30) 
thrown [./src/hotspot/share/classfile/systemDictionary.cpp, line 232]
Event: 7.374 Thread 0x0000019396c26800 Exception <a 'java/lang/ClassNotFoundException'{0x0000000085222830}: org/springframework/beans/factory/AwareCustomizer> (0x0000000085222830) 
thrown [./src/hotspot/share/classfile/systemDictionary.cpp, line 232]
Event: 7.375 Thread 0x0000019396c26800 Exception <a 'java/lang/ClassNotFoundException'{0x0000000085247d70}: org/springframework/beans/factory/InitializingBeanCustomizer> (0x0000000085247d70) 
thrown [./src/hotspot/share/classfile/systemDictionary.cpp, line 232]
Event: 7.376 Thread 0x0000019396c26800 Exception <a 'java/lang/ClassNotFoundException'{0x00000000852755a8}: org/springframework/data/repository/core/support/RepositoryFactoryInformationCustomizer> (0x00000000852755a8) 
thrown [./src/hotspot/share/classfile/systemDictionary.cpp, line 232]
Event: 7.377 Thread 0x0000019396c26800 Exception <a 'java/lang/ClassNotFoundException'{0x00000000852a04f8}: org/springframework/beans/factory/FactoryBeanCustomizer> (0x00000000852a04f8) 
thrown [./src/hotspot/share/classfile/systemDictionary.cpp, line 232]
Event: 7.378 Thread 0x0000019396c26800 Exception <a 'java/lang/ClassNotFoundException'{0x00000000852cad18}: org/springframework/beans/factory/BeanClassLoaderAwareCustomizer> (0x00000000852cad18) 
thrown [./src/hotspot/share/classfile/systemDictionary.cpp, line 232]
Event: 7.379 Thread 0x0000019396c26800 Exception <a 'java/lang/ClassNotFoundException'{0x00000000852ede30}: org/springframework/beans/factory/AwareCustomizer> (0x00000000852ede30) 
thrown [./src/hotspot/share/classfile/systemDictionary.cpp, line 232]
Event: 7.380 Thread 0x0000019396c26800 Exception <a 'java/lang/ClassNotFoundException'{0x0000000085113770}: org/springframework/beans/factory/BeanFactoryAwareCustomizer> (0x0000000085113770) 
thrown [./src/hotspot/share/classfile/systemDictionary.cpp, line 232]
Event: 7.381 Thread 0x0000019396c26800 Exception <a 'java/lang/ClassNotFoundException'{0x0000000085136fd8}: org/springframework/beans/factory/AwareCustomizer> (0x0000000085136fd8) 
thrown [./src/hotspot/share/classfile/systemDictionary.cpp, line 232]
Event: 7.382 Thread 0x0000019396c26800 Exception <a 'java/lang/ClassNotFoundException'{0x000000008515e600}: org/springframework/context/ApplicationEventPublisherAwareCustomizer> (0x000000008515e600) 
thrown [./src/hotspot/share/classfile/systemDictionary.cpp, line 232]
Event: 7.383 Thread 0x0000019396c26800 Exception <a 'java/lang/ClassNotFoundException'{0x0000000085182120}: org/springframework/beans/factory/AwareCustomizer> (0x0000000085182120) 
thrown [./src/hotspot/share/classfile/systemDictionary.cpp, line 232]
Event: 7.387 Thread 0x0000019396c26800 Exception <a 'java/lang/ClassNotFoundException'{0x00000000851d0970}: java/lang/ObjectCustomizer> (0x00000000851d0970) 
thrown [./src/hotspot/share/classfile/systemDictionary.cpp, line 232]
Event: 7.388 Thread 0x0000019396c26800 Exception <a 'java/lang/ClassNotFoundException'{0x00000000851fbe40}: org/springframework/core/io/support/PropertiesLoaderSupportCustomizer> (0x00000000851fbe40) 
thrown [./src/hotspot/share/classfile/systemDictionary.cpp, line 232]
Event: 7.389 Thread 0x0000019396c26800 Exception <a 'java/lang/ClassNotFoundException'{0x000000008502d848}: org/springframework/beans/factory/config/PropertiesFactoryBeanCustomizer> (0x000000008502d848) 
thrown [./src/hotspot/share/classfile/systemDictionary.cpp, line 232]
Event: 7.391 Thread 0x0000019396c26800 Exception <a 'java/lang/ClassNotFoundException'{0x0000000085062ab0}: org/springframework/beans/factory/FactoryBeanCustomizer> (0x0000000085062ab0) 
thrown [./src/hotspot/share/classfile/systemDictionary.cpp, line 232]
Event: 7.392 Thread 0x0000019396c26800 Exception <a 'java/lang/ClassNotFoundException'{0x000000008508b138}: org/springframework/beans/factory/InitializingBeanCustomizer> (0x000000008508b138) 
thrown [./src/hotspot/share/classfile/systemDictionary.cpp, line 232]
Event: 8.014 Thread 0x0000019396c26800 Exception <a 'java/lang/NoSuchMethodError'{0x000000008a37c580}: 'java.lang.Object java.lang.invoke.DirectMethodHandle$Holder.newInvokeSpecial(java.lang.Object, java.lang.Object, int, java.lang.Object, java.lang.Object)'> (0x000000008a37c580) 
thrown [./src/hotspot/share/interpreter/linkResolver.cpp, line 767]
Event: 8.579 Thread 0x0000019396c26800 Exception <a 'java/lang/NoSuchMethodError'{0x0000000087456640}: 'void java.lang.invoke.DirectMethodHandle$Holder.invokeInterface(java.lang.Object, java.lang.Object)'> (0x0000000087456640) 
thrown [./src/hotspot/share/interpreter/linkResolver.cpp, line 767]
Event: 8.584 Thread 0x0000019396c26800 Exception <a 'java/lang/NoSuchMethodError'{0x0000000087490858}: 'int java.lang.invoke.DirectMethodHandle$Holder.invokeStatic(java.lang.Object, java.lang.Object, int)'> (0x0000000087490858) 
thrown [./src/hotspot/share/interpreter/linkResolver.cpp, line 767]
Event: 8.593 Thread 0x0000019396c26800 Exception <a 'java/lang/NoSuchMethodError'{0x00000000873988b8}: 'java.lang.Object java.lang.invoke.DirectMethodHandle$Holder.invokeStaticInit(java.lang.Object, java.lang.Object, java.lang.Object, java.lang.Object, int, int)'> (0x00000000873988b8) 
thrown [./src/hotspot/share/interpreter/linkResolver.cpp, line 767]

Events (20 events):
Event: 8.913 loading class org/hibernate/LobHelper done
Event: 8.914 loading class org/hibernate/Transaction
Event: 8.914 loading class org/hibernate/Transaction done
Event: 8.914 loading class javax/persistence/EntityTransaction
Event: 8.914 loading class javax/persistence/EntityTransaction done
Event: 8.914 loading class org/hibernate/procedure/ProcedureCall
Event: 8.914 loading class org/hibernate/procedure/ProcedureCall done
Event: 8.914 loading class javax/persistence/StoredProcedureQuery
Event: 8.914 loading class javax/persistence/StoredProcedureQuery done
Event: 8.914 loading class org/hibernate/Criteria
Event: 8.914 loading class org/hibernate/Criteria done
Event: 8.915 loading class org/hibernate/criterion/CriteriaSpecification
Event: 8.915 loading class org/hibernate/criterion/CriteriaSpecification done
Event: 8.915 loading class org/hibernate/jdbc/Work
Event: 8.915 loading class org/hibernate/jdbc/Work done
Event: 8.915 loading class org/hibernate/jdbc/ReturningWork
Event: 8.915 loading class org/hibernate/jdbc/ReturningWork done
Event: 8.915 loading class javax/persistence/LockModeType
Event: 8.915 loading class javax/persistence/LockModeType done
Event: 8.920 Executing VM operation: G1CollectForAllocation


Dynamic libraries:
0x00007ff699f90000 - 0x00007ff699f9d000 	C:\Users\cuong\.jdks\azul-13.0.9\bin\java.exe
0x00007ffca59b0000 - 0x00007ffca5ba5000 	C:\WINDOWS\SYSTEM32\ntdll.dll
0x00007ffca4380000 - 0x00007ffca443e000 	C:\WINDOWS\System32\KERNEL32.DLL
0x00007ffca30f0000 - 0x00007ffca33b8000 	C:\WINDOWS\System32\KERNELBASE.dll
0x00007ffca33c0000 - 0x00007ffca34c0000 	C:\WINDOWS\System32\ucrtbase.dll
0x00007ffc9b690000 - 0x00007ffc9b6a5000 	C:\Users\cuong\.jdks\azul-13.0.9\bin\VCRUNTIME140.dll
0x00007ffc9b6b0000 - 0x00007ffc9b6c7000 	C:\Users\cuong\.jdks\azul-13.0.9\bin\jli.dll
0x00007ffca4ee0000 - 0x00007ffca5081000 	C:\WINDOWS\System32\USER32.dll
0x00007ffc8c780000 - 0x00007ffc8ca1a000 	C:\WINDOWS\WinSxS\amd64_microsoft.windows.common-controls_6595b64144ccf1df_6.0.19041.1110_none_60b5254171f9507e\COMCTL32.dll
0x00007ffca30c0000 - 0x00007ffca30e2000 	C:\WINDOWS\System32\win32u.dll
0x00007ffca4dd0000 - 0x00007ffca4e6e000 	C:\WINDOWS\System32\msvcrt.dll
0x00007ffca4440000 - 0x00007ffca446b000 	C:\WINDOWS\System32\GDI32.dll
0x00007ffca37a0000 - 0x00007ffca38ad000 	C:\WINDOWS\System32\gdi32full.dll
0x00007ffca36b0000 - 0x00007ffca374d000 	C:\WINDOWS\System32\msvcp_win.dll
0x00007ffca4da0000 - 0x00007ffca4dd0000 	C:\WINDOWS\System32\IMM32.DLL
0x00007ffc6a440000 - 0x00007ffc6a4db000 	C:\Users\cuong\.jdks\azul-13.0.9\bin\msvcp140.dll
0x00007ffc4b220000 - 0x00007ffc4be13000 	C:\Users\cuong\.jdks\azul-13.0.9\bin\server\jvm.dll
0x00007ffca4470000 - 0x00007ffca451e000 	C:\WINDOWS\System32\ADVAPI32.dll
0x00007ffca4cf0000 - 0x00007ffca4d8c000 	C:\WINDOWS\System32\sechost.dll
0x00007ffca3b50000 - 0x00007ffca3c75000 	C:\WINDOWS\System32\RPCRT4.dll
0x00007ffca47d0000 - 0x00007ffca47d8000 	C:\WINDOWS\System32\PSAPI.DLL
0x00007ffc8cc90000 - 0x00007ffc8cc99000 	C:\WINDOWS\SYSTEM32\WSOCK32.dll
0x00007ffc8cb70000 - 0x00007ffc8cb97000 	C:\WINDOWS\SYSTEM32\WINMM.dll
0x00007ffc9c420000 - 0x00007ffc9c42a000 	C:\WINDOWS\SYSTEM32\VERSION.dll
0x00007ffca4e70000 - 0x00007ffca4edb000 	C:\WINDOWS\System32\WS2_32.dll
0x00007ffca0fb0000 - 0x00007ffca0fc2000 	C:\WINDOWS\SYSTEM32\kernel.appcore.dll
0x00007ffc9be60000 - 0x00007ffc9be70000 	C:\Users\cuong\.jdks\azul-13.0.9\bin\verify.dll
0x00007ffc8be90000 - 0x00007ffc8c074000 	C:\WINDOWS\SYSTEM32\DBGHELP.DLL
0x00007ffc8aee0000 - 0x00007ffc8af0c000 	C:\WINDOWS\SYSTEM32\dbgcore.DLL
0x00007ffca34c0000 - 0x00007ffca3542000 	C:\WINDOWS\System32\bcryptPrimitives.dll
0x00007ffc75a40000 - 0x00007ffc75a66000 	C:\Users\cuong\.jdks\azul-13.0.9\bin\java.dll
0x00007ffc9ba40000 - 0x00007ffc9ba4a000 	C:\Users\cuong\.jdks\azul-13.0.9\bin\jimage.dll
0x00007ffc8d7e0000 - 0x00007ffc8d818000 	C:\Users\cuong\.jdks\azul-13.0.9\bin\jdwp.dll
0x00007ffca0280000 - 0x00007ffca028e000 	C:\Users\cuong\.jdks\azul-13.0.9\bin\instrument.dll
0x00007ffc8c170000 - 0x00007ffc8c187000 	C:\Users\cuong\.jdks\azul-13.0.9\bin\zip.dll
0x00007ffca5220000 - 0x00007ffca5964000 	C:\WINDOWS\System32\SHELL32.dll
0x00007ffca11b0000 - 0x00007ffca1945000 	C:\WINDOWS\SYSTEM32\windows.storage.dll
0x00007ffca47e0000 - 0x00007ffca4b35000 	C:\WINDOWS\System32\combase.dll
0x00007ffca2b10000 - 0x00007ffca2b3e000 	C:\WINDOWS\SYSTEM32\Wldp.dll
0x00007ffca4520000 - 0x00007ffca45cd000 	C:\WINDOWS\System32\SHCORE.dll
0x00007ffca51c0000 - 0x00007ffca5215000 	C:\WINDOWS\System32\shlwapi.dll
0x00007ffca3000000 - 0x00007ffca301f000 	C:\WINDOWS\SYSTEM32\profapi.dll
0x00007ffca0270000 - 0x00007ffca027a000 	C:\Users\cuong\.jdks\azul-13.0.9\bin\dt_socket.dll
0x00007ffca2870000 - 0x00007ffca28da000 	C:\WINDOWS\system32\mswsock.dll
0x00007ffc73e50000 - 0x00007ffc73e69000 	C:\Users\cuong\.jdks\azul-13.0.9\bin\net.dll
0x00007ffc963d0000 - 0x00007ffc964dc000 	C:\WINDOWS\SYSTEM32\WINHTTP.dll
0x00007ffc73e30000 - 0x00007ffc73e42000 	C:\Users\cuong\.jdks\azul-13.0.9\bin\nio.dll
0x00007ffca2560000 - 0x00007ffca262b000 	C:\WINDOWS\SYSTEM32\DNSAPI.dll
0x00007ffca2510000 - 0x00007ffca254b000 	C:\WINDOWS\SYSTEM32\IPHLPAPI.DLL
0x00007ffca4d90000 - 0x00007ffca4d98000 	C:\WINDOWS\System32\NSI.dll
0x00007ffc96640000 - 0x00007ffc9664a000 	C:\Windows\System32\rasadhlp.dll
0x00007ffc96810000 - 0x00007ffc9688f000 	C:\WINDOWS\System32\fwpuclnt.dll
0x00007ffca39c0000 - 0x00007ffca39e7000 	C:\WINDOWS\System32\bcrypt.dll
0x00007ffc8a670000 - 0x00007ffc8a679000 	C:\Users\cuong\.jdks\azul-13.0.9\bin\management.dll
0x00007ffc75a30000 - 0x00007ffc75a3b000 	C:\Users\cuong\.jdks\azul-13.0.9\bin\management_ext.dll
0x00007ffca2a60000 - 0x00007ffca2a78000 	C:\WINDOWS\SYSTEM32\CRYPTSP.dll
0x00007ffca2180000 - 0x00007ffca21b4000 	C:\WINDOWS\system32\rsaenh.dll
0x00007ffca2fc0000 - 0x00007ffca2fee000 	C:\WINDOWS\SYSTEM32\USERENV.dll
0x00007ffca2a80000 - 0x00007ffca2a8c000 	C:\WINDOWS\SYSTEM32\CRYPTBASE.dll
0x00007ffc9ba50000 - 0x00007ffc9ba67000 	C:\WINDOWS\SYSTEM32\dhcpcsvc6.DLL
0x00007ffc9c680000 - 0x00007ffc9c69d000 	C:\WINDOWS\SYSTEM32\dhcpcsvc.DLL
0x00007ffc8a250000 - 0x00007ffc8a267000 	C:\WINDOWS\system32\napinsp.dll
0x00007ffc8a0c0000 - 0x00007ffc8a0db000 	C:\WINDOWS\system32\pnrpnsp.dll
0x00007ffc9dc00000 - 0x00007ffc9dc15000 	C:\WINDOWS\system32\wshbth.dll
0x00007ffc9fc20000 - 0x00007ffc9fc3d000 	C:\WINDOWS\system32\NLAapi.dll
0x00007ffc8a1a0000 - 0x00007ffc8a1b2000 	C:\WINDOWS\System32\winrnr.dll
0x00007ffca0260000 - 0x00007ffca026e000 	C:\Users\cuong\.jdks\azul-13.0.9\bin\sunmscapi.dll
0x00007ffca3550000 - 0x00007ffca36a6000 	C:\WINDOWS\System32\CRYPT32.dll
0x00007ffca2b80000 - 0x00007ffca2ba7000 	C:\WINDOWS\SYSTEM32\ncrypt.dll
0x00007ffca2b40000 - 0x00007ffca2b7b000 	C:\WINDOWS\SYSTEM32\NTASN1.dll
0x00007ffc8d7b0000 - 0x00007ffc8d7d5000 	C:\Users\cuong\.jdks\azul-13.0.9\bin\sunec.dll

dbghelp: loaded successfully - version: 4.0.5 - missing functions: none
symbol engine: initialized successfully - sym options: 0x614 - pdb path: .;C:\Users\cuong\.jdks\azul-13.0.9\bin;C:\WINDOWS\SYSTEM32;C:\WINDOWS\WinSxS\amd64_microsoft.windows.common-controls_6595b64144ccf1df_6.0.19041.1110_none_60b5254171f9507e;C:\Users\cuong\.jdks\azul-13.0.9\bin\server

VM Arguments:
jvm_args: -agentlib:jdwp=transport=dt_socket,address=127.0.0.1:60698,suspend=y,server=n -XX:TieredStopAtLevel=1 -Xverify:none -Dspring.output.ansi.enabled=always -javaagent:C:\Users\cuong\AppData\Local\JetBrains\IntelliJIdea2021.2\captureAgent\debugger-agent.jar=file:/C:/Users/cuong/AppData/Local/Temp/capture.props -Dcom.sun.management.jmxremote -Dspring.jmx.enabled=true -Dspring.liveBeansView.mbeanDomain -Dspring.application.admin.enabled=true -Dfile.encoding=UTF-8 
java_command: vn.clmart.manager_service.ManagerServiceApplication
java_class_path (initial): D:\Ptit_programming\SERVICE_DOAN\do-an\target\classes;C:\Users\cuong\.m2\repository\org\springframework\boot\spring-boot-starter-batch\2.7.3\spring-boot-starter-batch-2.7.3.jar;C:\Users\cuong\.m2\repository\org\springframework\boot\spring-boot-starter\2.7.3\spring-boot-starter-2.7.3.jar;C:\Users\cuong\.m2\repository\org\springframework\boot\spring-boot-starter-logging\2.7.3\spring-boot-starter-logging-2.7.3.jar;C:\Users\cuong\.m2\repository\ch\qos\logback\logback-classic\1.2.11\logback-classic-1.2.11.jar;C:\Users\cuong\.m2\repository\ch\qos\logback\logback-core\1.2.11\logback-core-1.2.11.jar;C:\Users\cuong\.m2\repository\org\apache\logging\log4j\log4j-to-slf4j\2.17.2\log4j-to-slf4j-2.17.2.jar;C:\Users\cuong\.m2\repository\org\apache\logging\log4j\log4j-api\2.17.2\log4j-api-2.17.2.jar;C:\Users\cuong\.m2\repository\org\slf4j\jul-to-slf4j\1.7.36\jul-to-slf4j-1.7.36.jar;C:\Users\cuong\.m2\repository\jakarta\annotation\jakarta.annotation-api\1.3.5\jakarta.annotation-api-1.3.5.jar;C:\Users\cuong\.m2\repository\org\yaml\snakeyaml\1.30\snakeyaml-1.30.jar;C:\Users\cuong\.m2\repository\org\springframework\boot\spring-boot-starter-jdbc\2.7.3\spring-boot-starter-jdbc-2.7.3.jar;C:\Users\cuong\.m2\repository\com\zaxxer\HikariCP\4.0.3\HikariCP-4.0.3.jar;C:\Users\cuong\.m2\repository\org\springframework\batch\spring-batch-core\4.3.6\spring-batch-core-4.3.6.jar;C:\Users\cuong\.m2\repository\io\micrometer\micrometer-core\1.9.3\micrometer-core-1.9.3.jar;C:\Users\cuong\.m2\repository\org\hdrhistogram\HdrHistogram\2.1.12\HdrHistogram-2.1.12.jar;C:\Users\cuong\.m2\repository\org\latencyutils\LatencyUtils\2.0.3\LatencyUtils-2.0.3.jar;C:\Users\cuong\.m2\repository\javax\batch\javax.batch-api\1.0\javax.batch-api-1.0.jar;C:\Users\cuong\.m2\repository\org\codehaus\jettison\jettison\1.2\jettison-1.2.jar;C:\Users\cuong\.m2\repository\org\springframework\batch\spring-batch-infrastructure\4.3.6\spring-batch-infrastructure-4.3.6.jar;C:\Users\cuong\.m2\repository\org\sp
Launcher Type: SUN_STANDARD

[Global flags]
     intx CICompilerCount                          = 4                                         {product} {ergonomic}
     uint ConcGCThreads                            = 2                                         {product} {ergonomic}
     uint G1ConcRefinementThreads                  = 8                                         {product} {ergonomic}
   size_t G1HeapRegionSize                         = 1048576                                   {product} {ergonomic}
    uintx GCDrainStackTargetSize                   = 64                                        {product} {ergonomic}
   size_t InitialHeapSize                          = 132120576                                 {product} {ergonomic}
     bool ManagementServer                         = true                                      {product} {command line}
   size_t MarkStackSize                            = 4194304                                   {product} {ergonomic}
   size_t MaxHeapSize                              = 2107637760                                {product} {ergonomic}
   size_t MaxNewSize                               = 1264582656                                {product} {ergonomic}
   size_t MinHeapDeltaBytes                        = 1048576                                   {product} {ergonomic}
   size_t MinHeapSize                              = 8388608                                   {product} {ergonomic}
    uintx NonNMethodCodeHeapSize                   = 7549744                                {pd product} {ergonomic}
    uintx NonProfiledCodeHeapSize                  = 244108496                              {pd product} {ergonomic}
    uintx ProfiledCodeHeapSize                     = 0                                      {pd product} {ergonomic}
    uintx ReservedCodeCacheSize                    = 251658240                              {pd product} {ergonomic}
     bool SegmentedCodeCache                       = true                                      {product} {ergonomic}
   size_t SoftMaxHeapSize                          = 2107637760                             {manageable} {ergonomic}
     intx TieredStopAtLevel                        = 1                                         {product} {command line}
     bool UseCompressedClassPointers               = true                                 {lp64_product} {ergonomic}
     bool UseCompressedOops                        = true                                 {lp64_product} {ergonomic}
     bool UseG1GC                                  = true                                      {product} {ergonomic}
     bool UseLargePagesIndividualAllocation        = false                                  {pd product} {ergonomic}

Logging:
Log output configuration:
 #0: stdout all=warning uptime,level,tags
 #1: stderr all=off uptime,level,tags

Environment Variables:
JAVA_HOME=C:\Program Files\Java\jdk-11.0.14
PATH=C:\Program Files\Common Files\Oracle\Java\javapath;C:\Python39\Scripts\;C:\Python39\;C:\WINDOWS\system32;C:\WINDOWS;C:\WINDOWS\System32\Wbem;C:\WINDOWS\System32\WindowsPowerShell\v1.0\;C:\WINDOWS\System32\OpenSSH\;C:\ProgramData\chocolatey\bin;C:\Program Files\Git\cmd;C:\Program Files\TortoiseSVN\bin;D:\Android\Sdk\platform-tools;C:\Program Files\Java\jdk1.8.0_301;C:\Program Files\Java\jdk1.8.0_301\bin;C:\Program Files\Java\jdk1.8.0_301\bin\;C:\Program Files (x86)\NVIDIA Corporation\PhysX\Common;C:\Program Files (x86)\Microsoft SQL Server\150\DTS\Binn\;C:\Program Files\nodejs\;C:\Gradle\gradle-4.10.2\bin;C:\Users\cuong\AppData\Local\Microsoft\WindowsApps;C:\Program Files\JetBrains\IntelliJ IDEA 2021.2.2\bin;;C:\Program Files\Azure Data Studio\bin;C:\Users\cuong\AppData\Roaming\npm;C:\Program Files\heroku\bin;C:\Gradle\gradle-4.10.2\bin;D:\Program\heroku\bin;D:\Program\WebStorm 2022.2.2\bin;
USERNAME=cuong
OS=Windows_NT
PROCESSOR_IDENTIFIER=Intel64 Family 6 Model 158 Stepping 10, GenuineIntel



---------------  S Y S T E M  ---------------

OS: Windows 10 , 64 bit Build 19041 (10.0.19041.1466)
OS uptime: 0 days 0:29 hours

CPU:total 8 (initial active 8) (4 cores per cpu, 2 threads per core) family 6 model 158 stepping 10, cmov, cx8, fxsr, mmx, sse, sse2, sse3, ssse3, sse4.1, sse4.2, popcnt, avx, avx2, aes, clmul, erms, 3dnowpref, lzcnt, ht, tsc, tscinvbit, bmi1, bmi2, adx, fma

Memory: 4k page, system-wide physical 8038M (1047M free)
TotalPageFile size 16461M (AvailPageFile size 4M)
current process WorkingSet (physical memory assigned to process): 214M, peak: 214M
current process commit charge ("private bytes"): 261M, peak: 269M

vm_info: OpenJDK 64-Bit Server VM (13.0.9+3-MTS) for windows-amd64 JRE (13.0.9+3-MTS) (Zulu13.44+13-CA), built on Oct  7 2021 18:29:45 by "zulu_re" with MS VC++ 15.9 (VS2017)

END.
