#
# There is insufficient memory for the Java Runtime Environment to continue.
# Native memory allocation (mmap) failed to map 132120576 bytes for Failed to commit area from 0x0000000082600000 to 0x000000008a400000 of length 132120576.
# Possible reasons:
#   The system is out of physical RAM or swap space
#   The process is running with CompressedOops enabled, and the Java Heap may be blocking the growth of the native heap
# Possible solutions:
#   Reduce memory load on the system
#   Increase physical memory or swap space
#   Check if swap backing store is full
#   Decrease Java heap size (-Xmx/-Xms)
#   Decrease number of Java threads
#   Decrease Java thread stack sizes (-Xss)
#   Set larger code cache with -XX:ReservedCodeCacheSize=
# This output file may be truncated or incomplete.
#
#  Out of Memory Error (./src/hotspot/os/windows/os_windows.cpp:3318), pid=17236, tid=3540
#
# JRE version:  (13.0.9+3) (build )
# Java VM: OpenJDK 64-Bit Server VM (13.0.9+3-MTS, mixed mode, sharing, tiered, compressed oops, g1 gc, windows-amd64)
# No core dump will be written. Minidumps are not enabled by default on client versions of Windows
#

---------------  S U M M A R Y ------------

Command Line: -agentlib:jdwp=transport=dt_socket,address=127.0.0.1:59499,suspend=y,server=n -XX:TieredStopAtLevel=1 -Xverify:none -Dspring.output.ansi.enabled=always -javaagent:C:\Users\cuong\AppData\Local\JetBrains\IntelliJIdea2021.2\captureAgent\debugger-agent.jar=file:/C:/Users/cuong/AppData/Local/Temp/capture.props -Dcom.sun.management.jmxremote -Dspring.jmx.enabled=true -Dspring.liveBeansView.mbeanDomain -Dspring.application.admin.enabled=true -Dfile.encoding=UTF-8 vn.clmart.manager_service.ManagerServiceApplication

Host: Intel(R) Core(TM) i5-9300H CPU @ 2.40GHz, 8 cores, 7G,  Windows 10 , 64 bit Build 19041 (10.0.19041.1466)
Time: Fri Oct  7 16:31:18 2022 SE Asia Standard Time elapsed time: 0.323958 seconds (0d 0h 0m 0s)

---------------  T H R E A D  ---------------

Current thread (0x00000177a7130800):  JavaThread "Unknown thread" [_thread_in_vm, id=3540, stack(0x0000003ed8f00000,0x0000003ed9000000)]

Stack: [0x0000003ed8f00000,0x0000003ed9000000]
Native frames: (J=compiled Java code, j=interpreted, Vv=VM code, C=native code)
V  [jvm.dll+0x633c2a]
V  [jvm.dll+0x7df1ea]
V  [jvm.dll+0x7e099f]
V  [jvm.dll+0x7e0fe3]
V  [jvm.dll+0x250dc8]
V  [jvm.dll+0x630e4a]
V  [jvm.dll+0x625b05]
V  [jvm.dll+0x3102fc]
V  [jvm.dll+0x310132]
V  [jvm.dll+0x3158a6]
V  [jvm.dll+0x35c426]
V  [jvm.dll+0x35bc00]
V  [jvm.dll+0x2eab8a]
V  [jvm.dll+0x2ebe22]
V  [jvm.dll+0x7bbc58]
V  [jvm.dll+0x369e09]
V  [jvm.dll+0x79ea35]
V  [jvm.dll+0x3d467f]
V  [jvm.dll+0x3d6be1]
C  [jli.dll+0x520f]
C  [ucrtbase.dll+0x21bb2]
C  [KERNEL32.DLL+0x17034]
C  [ntdll.dll+0x52651]


---------------  P R O C E S S  ---------------

Threads class SMR info:
_java_thread_list=0x00007ff9f1d1a748, length=0, elements={
}

Java Threads: ( => current thread )

Other Threads:
  0x00000177a7176800 GCTaskThread "GC Thread#0" [stack: 0x0000003ed9000000,0x0000003ed9100000] [id=3716]
  0x00000177a7188800 ConcurrentGCThread "G1 Main Marker" [stack: 0x0000003ed9100000,0x0000003ed9200000] [id=15940]
  0x00000177a718a000 ConcurrentGCThread "G1 Conc#0" [stack: 0x0000003ed9200000,0x0000003ed9300000] [id=16572]

[error occurred during error reporting (printing all threads), id 0xc0000005, EXCEPTION_ACCESS_VIOLATION (0xc0000005) at pc=0x00007ff9f14caa87]

VM state:not at safepoint (not fully initialized)

VM Mutex/Monitor currently owned by a thread:  ([mutex/lock_event])
[0x00000177a712c4f0] Heap_lock - owner thread: 0x00000177a7130800

Heap address: 0x0000000082600000, size: 2010 MB, Compressed Oops mode: Non-zero based: 0x0000000082600000
Narrow klass base: 0x0000000000000000, Narrow klass shift: 0

GC Heap History (0 events):
No events

Deoptimization events (0 events):
No events

Classes unloaded (0 events):
No events

Classes redefined (0 events):
No events

Internal exceptions (0 events):
No events

Events (1 events):
Event: 0.285 Loaded shared library C:\Users\cuong\.jdks\azul-13.0.9\bin\zip.dll


Dynamic libraries:
0x00007ff7caf90000 - 0x00007ff7caf9d000 	C:\Users\cuong\.jdks\azul-13.0.9\bin\java.exe
0x00007ffa6f410000 - 0x00007ffa6f605000 	C:\WINDOWS\SYSTEM32\ntdll.dll
0x00007ffa6e3e0000 - 0x00007ffa6e49e000 	C:\WINDOWS\System32\KERNEL32.DLL
0x00007ffa6cf90000 - 0x00007ffa6d258000 	C:\WINDOWS\System32\KERNELBASE.dll
0x00007ffa6d260000 - 0x00007ffa6d360000 	C:\WINDOWS\System32\ucrtbase.dll
0x00007ffa6aad0000 - 0x00007ffa6aae7000 	C:\Users\cuong\.jdks\azul-13.0.9\bin\jli.dll
0x00007ffa6e4b0000 - 0x00007ffa6e651000 	C:\WINDOWS\System32\USER32.dll
0x00007ffa6cf60000 - 0x00007ffa6cf82000 	C:\WINDOWS\System32\win32u.dll
0x00007ffa6dbe0000 - 0x00007ffa6dc0b000 	C:\WINDOWS\System32\GDI32.dll
0x00007ffa6ce50000 - 0x00007ffa6cf5d000 	C:\WINDOWS\System32\gdi32full.dll
0x00007ffa6cd80000 - 0x00007ffa6ce1d000 	C:\WINDOWS\System32\msvcp_win.dll
0x00007ffa67030000 - 0x00007ffa67045000 	C:\Users\cuong\.jdks\azul-13.0.9\bin\VCRUNTIME140.dll
0x00007ffa559e0000 - 0x00007ffa55c7a000 	C:\WINDOWS\WinSxS\amd64_microsoft.windows.common-controls_6595b64144ccf1df_6.0.19041.1110_none_60b5254171f9507e\COMCTL32.dll
0x00007ffa6ef10000 - 0x00007ffa6efae000 	C:\WINDOWS\System32\msvcrt.dll
0x00007ffa6d9b0000 - 0x00007ffa6d9e0000 	C:\WINDOWS\System32\IMM32.DLL
0x00007ffa347e0000 - 0x00007ffa3487b000 	C:\Users\cuong\.jdks\azul-13.0.9\bin\msvcp140.dll
0x00007ff9f11d0000 - 0x00007ff9f1dc3000 	C:\Users\cuong\.jdks\azul-13.0.9\bin\server\jvm.dll
0x00007ffa6f040000 - 0x00007ffa6f0ee000 	C:\WINDOWS\System32\ADVAPI32.dll
0x00007ffa6d910000 - 0x00007ffa6d9ac000 	C:\WINDOWS\System32\sechost.dll
0x00007ffa6f2a0000 - 0x00007ffa6f3c5000 	C:\WINDOWS\System32\RPCRT4.dll
0x00007ffa6d460000 - 0x00007ffa6d468000 	C:\WINDOWS\System32\PSAPI.DLL
0x00007ffa5ac40000 - 0x00007ffa5ac49000 	C:\WINDOWS\SYSTEM32\WSOCK32.dll
0x00007ffa6f0f0000 - 0x00007ffa6f15b000 	C:\WINDOWS\System32\WS2_32.dll
0x00007ffa564a0000 - 0x00007ffa564c7000 	C:\WINDOWS\SYSTEM32\WINMM.dll
0x00007ffa6aaf0000 - 0x00007ffa6aafa000 	C:\WINDOWS\SYSTEM32\VERSION.dll
0x00007ffa6b3f0000 - 0x00007ffa6b402000 	C:\WINDOWS\SYSTEM32\kernel.appcore.dll
0x00007ffa6aac0000 - 0x00007ffa6aad0000 	C:\Users\cuong\.jdks\azul-13.0.9\bin\verify.dll
0x00007ffa556a0000 - 0x00007ffa55884000 	C:\WINDOWS\SYSTEM32\DBGHELP.DLL
0x00007ffa53d80000 - 0x00007ffa53dac000 	C:\WINDOWS\SYSTEM32\dbgcore.DLL
0x00007ffa6d360000 - 0x00007ffa6d3e2000 	C:\WINDOWS\System32\bcryptPrimitives.dll
0x00007ffa67000000 - 0x00007ffa67026000 	C:\Users\cuong\.jdks\azul-13.0.9\bin\java.dll
0x00007ffa53b70000 - 0x00007ffa53b7a000 	C:\Users\cuong\.jdks\azul-13.0.9\bin\jimage.dll
0x00007ffa34c80000 - 0x00007ffa34cb8000 	C:\Users\cuong\.jdks\azul-13.0.9\bin\jdwp.dll
0x00007ffa4eb10000 - 0x00007ffa4eb1e000 	C:\Users\cuong\.jdks\azul-13.0.9\bin\instrument.dll
0x00007ffa52b70000 - 0x00007ffa52b87000 	C:\Users\cuong\.jdks\azul-13.0.9\bin\zip.dll

dbghelp: loaded successfully - version: 4.0.5 - missing functions: none
symbol engine: initialized successfully - sym options: 0x614 - pdb path: .;C:\Users\cuong\.jdks\azul-13.0.9\bin;C:\WINDOWS\SYSTEM32;C:\WINDOWS\WinSxS\amd64_microsoft.windows.common-controls_6595b64144ccf1df_6.0.19041.1110_none_60b5254171f9507e;C:\Users\cuong\.jdks\azul-13.0.9\bin\server

VM Arguments:
jvm_args: -agentlib:jdwp=transport=dt_socket,address=127.0.0.1:59499,suspend=y,server=n -XX:TieredStopAtLevel=1 -Xverify:none -Dspring.output.ansi.enabled=always -javaagent:C:\Users\cuong\AppData\Local\JetBrains\IntelliJIdea2021.2\captureAgent\debugger-agent.jar=file:/C:/Users/cuong/AppData/Local/Temp/capture.props -Dcom.sun.management.jmxremote -Dspring.jmx.enabled=true -Dspring.liveBeansView.mbeanDomain -Dspring.application.admin.enabled=true -Dfile.encoding=UTF-8 
java_command: vn.clmart.manager_service.ManagerServiceApplication
java_class_path (initial): D:\Ptit_programming\SERVICE_DOAN\do-an\target\classes;C:\Users\cuong\.m2\repository\org\springframework\boot\spring-boot-starter-batch\2.7.3\spring-boot-starter-batch-2.7.3.jar;C:\Users\cuong\.m2\repository\org\springframework\boot\spring-boot-starter\2.7.3\spring-boot-starter-2.7.3.jar;C:\Users\cuong\.m2\repository\org\springframework\boot\spring-boot-starter-logging\2.7.3\spring-boot-starter-logging-2.7.3.jar;C:\Users\cuong\.m2\repository\ch\qos\logback\logback-classic\1.2.11\logback-classic-1.2.11.jar;C:\Users\cuong\.m2\repository\ch\qos\logback\logback-core\1.2.11\logback-core-1.2.11.jar;C:\Users\cuong\.m2\repository\org\apache\logging\log4j\log4j-to-slf4j\2.17.2\log4j-to-slf4j-2.17.2.jar;C:\Users\cuong\.m2\repository\org\apache\logging\log4j\log4j-api\2.17.2\log4j-api-2.17.2.jar;C:\Users\cuong\.m2\repository\org\slf4j\jul-to-slf4j\1.7.36\jul-to-slf4j-1.7.36.jar;C:\Users\cuong\.m2\repository\jakarta\annotation\jakarta.annotation-api\1.3.5\jakarta.annotation-api-1.3.5.jar;C:\Users\cuong\.m2\repository\org\yaml\snakeyaml\1.30\snakeyaml-1.30.jar;C:\Users\cuong\.m2\repository\org\springframework\boot\spring-boot-starter-jdbc\2.7.3\spring-boot-starter-jdbc-2.7.3.jar;C:\Users\cuong\.m2\repository\com\zaxxer\HikariCP\4.0.3\HikariCP-4.0.3.jar;C:\Users\cuong\.m2\repository\org\springframework\batch\spring-batch-core\4.3.6\spring-batch-core-4.3.6.jar;C:\Users\cuong\.m2\repository\io\micrometer\micrometer-core\1.9.3\micrometer-core-1.9.3.jar;C:\Users\cuong\.m2\repository\org\hdrhistogram\HdrHistogram\2.1.12\HdrHistogram-2.1.12.jar;C:\Users\cuong\.m2\repository\org\latencyutils\LatencyUtils\2.0.3\LatencyUtils-2.0.3.jar;C:\Users\cuong\.m2\repository\javax\batch\javax.batch-api\1.0\javax.batch-api-1.0.jar;C:\Users\cuong\.m2\repository\org\codehaus\jettison\jettison\1.2\jettison-1.2.jar;C:\Users\cuong\.m2\repository\org\springframework\batch\spring-batch-infrastructure\4.3.6\spring-batch-infrastructure-4.3.6.jar;C:\Users\cuong\.m2\repository\org\sp
Launcher Type: SUN_STANDARD

[Global flags]
     intx CICompilerCount                          = 4                                         {product} {ergonomic}
     uint ConcGCThreads                            = 2                                         {product} {ergonomic}
     uint G1ConcRefinementThreads                  = 8                                         {product} {ergonomic}
   size_t G1HeapRegionSize                         = 1048576                                   {product} {ergonomic}
    uintx GCDrainStackTargetSize                   = 64                                        {product} {ergonomic}
   size_t InitialHeapSize                          = 132120576                                 {product} {ergonomic}
     bool ManagementServer                         = true                                      {product} {command line}
   size_t MarkStackSize                            = 4194304                                   {product} {ergonomic}
   size_t MaxHeapSize                              = 2107637760                                {product} {ergonomic}
   size_t MinHeapDeltaBytes                        = 1048576                                   {product} {ergonomic}
   size_t MinHeapSize                              = 8388608                                   {product} {ergonomic}
    uintx NonNMethodCodeHeapSize                   = 7549744                                {pd product} {ergonomic}
    uintx NonProfiledCodeHeapSize                  = 244108496                              {pd product} {ergonomic}
    uintx ProfiledCodeHeapSize                     = 0                                      {pd product} {ergonomic}
    uintx ReservedCodeCacheSize                    = 251658240                              {pd product} {ergonomic}
     bool SegmentedCodeCache                       = true                                      {product} {ergonomic}
   size_t SoftMaxHeapSize                          = 2107637760                             {manageable} {ergonomic}
     intx TieredStopAtLevel                        = 1                                         {product} {command line}
     bool UseCompressedClassPointers               = true                                 {lp64_product} {ergonomic}
     bool UseCompressedOops                        = true                                 {lp64_product} {ergonomic}
     bool UseG1GC                                  = true                                      {product} {ergonomic}
     bool UseLargePagesIndividualAllocation        = false                                  {pd product} {ergonomic}

Logging:
Log output configuration:
 #0: stdout all=warning uptime,level,tags
 #1: stderr all=off uptime,level,tags

Environment Variables:
JAVA_HOME=C:\Program Files\Java\jdk-11.0.14
PATH=C:\Program Files\Common Files\Oracle\Java\javapath;C:\Python39\Scripts\;C:\Python39\;C:\WINDOWS\system32;C:\WINDOWS;C:\WINDOWS\System32\Wbem;C:\WINDOWS\System32\WindowsPowerShell\v1.0\;C:\WINDOWS\System32\OpenSSH\;C:\ProgramData\chocolatey\bin;C:\Program Files\Git\cmd;C:\Program Files\TortoiseSVN\bin;D:\Android\Sdk\platform-tools;C:\Program Files\Java\jdk1.8.0_301;C:\Program Files\Java\jdk1.8.0_301\bin;C:\Program Files\Java\jdk1.8.0_301\bin\;C:\Program Files (x86)\NVIDIA Corporation\PhysX\Common;C:\Program Files (x86)\Microsoft SQL Server\150\DTS\Binn\;C:\Program Files\nodejs\;C:\Gradle\gradle-4.10.2\bin;C:\Users\cuong\AppData\Local\Microsoft\WindowsApps;C:\Program Files\JetBrains\IntelliJ IDEA 2021.2.2\bin;;C:\Program Files\Azure Data Studio\bin;C:\Users\cuong\AppData\Roaming\npm;C:\Program Files\heroku\bin;C:\Gradle\gradle-4.10.2\bin;D:\Program\heroku\bin
USERNAME=cuong
OS=Windows_NT
PROCESSOR_IDENTIFIER=Intel64 Family 6 Model 158 Stepping 10, GenuineIntel



---------------  S Y S T E M  ---------------

OS: Windows 10 , 64 bit Build 19041 (10.0.19041.1466)
OS uptime: 0 days 16:31 hours

CPU:total 8 (initial active 8) (4 cores per cpu, 2 threads per core) family 6 model 158 stepping 10, cmov, cx8, fxsr, mmx, sse, sse2, sse3, ssse3, sse4.1, sse4.2, popcnt, avx, avx2, aes, clmul, erms, 3dnowpref, lzcnt, ht, tsc, tscinvbit, bmi1, bmi2, adx, fma

Memory: 4k page, system-wide physical 8038M (794M free)
TotalPageFile size 16555M (AvailPageFile size 108M)
current process WorkingSet (physical memory assigned to process): 10M, peak: 10M
current process commit charge ("private bytes"): 58M, peak: 183M

vm_info: OpenJDK 64-Bit Server VM (13.0.9+3-MTS) for windows-amd64 JRE (13.0.9+3-MTS) (Zulu13.44+13-CA), built on Oct  7 2021 18:29:45 by "zulu_re" with MS VC++ 15.9 (VS2017)

END.
